2026-04-06 19:16:58, MOVE, v:1, k:ed@wordsearch, mode:DOWN
2026-04-06 19:17:27, MOVE, v:1, k:ed@vetequals, mode:DOWN
2026-04-06 19:17:28, MOVE, v:1, k:ed@vetequals, mode:PICK
2026-04-06 19:24:27, MOVE, v:1, k:ed@vetequals, mode:BACK
2026-04-06 19:24:37, MOVE, v:1, k:ed@triangulo, mode:PICK
2026-04-06 19:24:50, MOVE, v:1, k:ed@triangulo, mode:BACK
2026-04-06 19:25:04, MOVE, v:1, k:ed@resto, mode:PICK
2026-04-06 19:25:12, MOVE, v:1, k:ed@resto, mode:BACK
2026-04-06 19:25:27, MOVE, v:1, k:ed@mdc, mode:PICK
2026-04-06 19:25:33, MOVE, v:1, k:ed@mdc, mode:BACK
2026-04-06 19:25:44, MOVE, v:1, k:ed@vetequals, mode:PICK
2026-04-06 19:25:53, EXEC, v:1, k:ed@vetequals, mode:FULL, rate:70, size:49
2026-04-06 19:34:43, EXEC, v:1, k:ed@vetequals, mode:FULL, rate:10, size:51
2026-04-06 19:40:21, EXEC, v:1, k:ed@vetequals, mode:FULL, rate:10, size:52
2026-04-06 19:42:28, EXEC, v:1, k:ed@vetequals, mode:FULL, rate:70, size:58
2026-04-06 19:44:03, MOVE, v:1, k:ed@vetequals, mode:BACK
2026-04-06 19:50:46, MOVE, v:1, k:ed@vetequals, mode:PICK
2026-04-06 19:50:48, EXEC, v:1, k:ed@vetequals, mode:FULL, rate:70, size:63
2026-04-06 19:51:14, EXEC, v:1, k:ed@vetequals, mode:FULL, rate:80, size:59
2026-04-06 19:51:41, EXEC, v:1, k:ed@vetequals, mode:FULL, rate:80, size:58
2026-04-06 19:51:50, EXEC, v:1, k:ed@vetequals, mode:FULL, rate:80, size:58
2026-04-06 19:52:46, EXEC, v:1, k:ed@vetequals, mode:FULL, rate:100, size:58
2026-04-06 19:52:59, MOVE, v:1, k:ed@vetequals, mode:BACK
2026-04-06 19:55:26, SELF, v:1, k:ed@vetequals, self:1, rate:100, study:34, concept:1
