2026-03-16 19:25:54, MOVE, v:1, k:ed@fuga, mode:PICK
2026-03-16 19:28:21, EXEC, v:1, k:ed@fuga, mode:FULL, rate:70, size:45
2026-03-16 19:28:30, EXEC, v:1, k:ed@fuga, mode:FULL, rate:70, size:45
2026-03-16 19:29:15, EXEC, v:1, k:ed@fuga, mode:FULL, rate:70, size:52
2026-03-16 19:29:30, EXEC, v:1, k:ed@fuga, mode:FULL, rate:100, size:52
2026-03-16 19:30:23, MOVE, v:1, k:ed@fuga, mode:BACK
2026-03-16 19:30:23, MOVE, v:1, k:ed@fuga, mode:PICK
2026-03-16 19:30:25, MOVE, v:1, k:ed@fuga, mode:BACK
2026-03-16 19:30:25, MOVE, v:1, k:ed@fuga, mode:PICK
2026-03-16 19:30:26, MOVE, v:1, k:ed@fuga, mode:BACK
2026-03-16 19:33:49, SELF, v:1, k:ed@fuga, self:1, rate:100, study:99, friend:nao, code:1
2026-03-16 19:33:55, MOVE, v:1, k:ed@pedra, mode:PICK
2026-03-16 19:35:00, MOVE, v:1, k:ed@pedra, mode:BACK
2026-03-16 19:35:00, MOVE, v:1, k:ed@pedra, mode:PICK
2026-03-16 19:35:01, MOVE, v:1, k:ed@pedra, mode:BACK
2026-03-16 19:35:02, MOVE, v:1, k:ed@pedra, mode:PICK
2026-03-16 19:35:03, MOVE, v:1, k:ed@pedra, mode:BACK
2026-03-16 19:35:03, MOVE, v:1, k:ed@pedra, mode:PICK
2026-03-16 19:35:04, MOVE, v:1, k:ed@pedra, mode:BACK
2026-03-16 19:35:04, MOVE, v:1, k:ed@pedra, mode:PICK
2026-03-16 19:35:06, MOVE, v:1, k:ed@pedra, mode:BACK
2026-03-16 19:35:06, MOVE, v:1, k:ed@pedra, mode:PICK
2026-03-16 19:35:07, MOVE, v:1, k:ed@pedra, mode:BACK
2026-03-16 19:35:10, MOVE, v:1, k:ed@casais, mode:DOWN
2026-03-16 19:35:11, MOVE, v:1, k:ed@casais, mode:PICK
2026-03-16 19:47:13, MOVE, v:1, k:ed@casais, mode:BACK
2026-03-16 19:47:13, MOVE, v:1, k:ed@casais, mode:PICK
2026-03-16 19:47:14, MOVE, v:1, k:ed@casais, mode:BACK
2026-03-16 19:47:14, MOVE, v:1, k:ed@casais, mode:PICK
2026-03-16 19:47:16, MOVE, v:1, k:ed@casais, mode:BACK
2026-03-16 19:47:20, MOVE, v:1, k:ed@baruel, mode:DOWN
2026-03-16 19:47:21, MOVE, v:1, k:ed@baruel, mode:PICK
2026-03-16 19:48:58, MOVE, v:1, k:ed@baruel, mode:BACK
2026-03-16 19:49:07, MOVE, v:1, k:ed@gomos, mode:DOWN
2026-03-16 19:49:09, MOVE, v:1, k:ed@gomos, mode:PICK
2026-03-16 21:16:21, MOVE, v:1, k:ed@casais, mode:PICK
2026-03-16 22:21:35, MOVE, v:1, k:ed@pedra, mode:PICK
2026-03-16 22:49:04, EXEC, v:1, k:ed@pedra, mode:FULL, rate:25, size:38
2026-03-16 22:49:49, EXEC, v:1, k:ed@pedra, mode:FULL, rate:25, size:37
2026-03-16 22:50:32, EXEC, v:1, k:ed@pedra, mode:FULL, rate:25, size:39
2026-03-16 22:51:02, EXEC, v:1, k:ed@pedra, mode:FULL, rate:25, size:40
2026-03-16 22:52:50, EXEC, v:1, k:ed@pedra, mode:FULL, rate:25, size:41
2026-03-16 22:54:14, EXEC, v:1, k:ed@pedra, mode:FULL, rate:100, size:42
2026-03-16 22:54:24, MOVE, v:1, k:ed@pedra, mode:BACK
2026-03-16 22:55:26, SELF, v:1, k:ed@pedra, self:1, rate:100, study:62, friend:sim, Ana Cecilia 581958
