2026-03-15 04:54:00, MOVE, v:1, k:ed@pintando, mode:DOWN
2026-03-15 04:54:03, MOVE, v:1, k:ed@pintando, mode:PICK
2026-03-15 05:00:44, EXEC, v:1, k:ed@pintando, mode:FREE, size:16
2026-03-15 05:13:16, EXEC, v:1, k:ed@pintando, mode:FREE, size:23
2026-03-15 05:17:13, EXEC, v:1, k:ed@pintando, mode:FULL, rate:100, size:23
2026-03-15 05:17:59, MOVE, v:1, k:ed@pintando, mode:BACK
2026-03-15 05:20:22, SELF, v:1, k:ed@pintando, self:1, rate:100, study:23, friend:nao
2026-03-15 18:55:50, MOVE, v:1, k:ed@mumia, mode:DOWN
2026-03-15 18:55:52, MOVE, v:1, k:ed@mumia, mode:PICK
2026-03-15 19:18:55, EXEC, v:1, k:ed@mumia, mode:FREE, size:20
2026-03-15 19:22:06, EXEC, v:1, k:ed@mumia, mode:FULL, rate:0, size:20
2026-03-15 19:22:51, EXEC, v:1, k:ed@mumia, mode:FULL, rate:0, size:20
2026-03-15 19:23:39, EXEC, v:1, k:ed@mumia, mode:FULL, rate:0, size:20
2026-03-15 19:24:19, EXEC, v:1, k:ed@mumia, mode:FULL, rate:100, size:21
2026-03-15 19:24:48, MOVE, v:1, k:ed@mumia, mode:BACK
2026-03-15 19:24:58, MOVE, v:1, k:ed@fuga, mode:DOWN
2026-03-15 19:25:00, MOVE, v:1, k:ed@fuga, mode:PICK
2026-03-15 19:41:17, EXEC, v:1, k:ed@fuga, mode:FULL, rate:0, size:12
2026-03-15 19:45:50, EXEC, v:1, k:ed@fuga, mode:FULL, rate:0, size:12
2026-03-15 19:46:06, EXEC, v:1, k:ed@fuga, mode:FULL, rate:20, size:12
2026-03-15 19:46:15, EXEC, v:1, k:ed@fuga, mode:FULL, rate:20, size:12
2026-03-15 19:53:14, EXEC, v:1, k:ed@fuga, mode:FULL, size:16, fail:COMP
2026-03-15 19:53:31, EXEC, v:1, k:ed@fuga, mode:FULL, rate:40, size:14
2026-03-15 19:55:17, EXEC, v:1, k:ed@fuga, mode:FULL, size:16, fail:COMP
2026-03-15 19:55:36, EXEC, v:1, k:ed@fuga, mode:FULL, rate:60, size:16
2026-03-15 19:56:59, EXEC, v:1, k:ed@fuga, mode:FULL, rate:60, size:18
2026-03-15 19:57:40, EXEC, v:1, k:ed@fuga, mode:FULL, rate:60, size:18
2026-03-15 20:00:48, EXEC, v:1, k:ed@fuga, mode:FULL, rate:60, size:18
2026-03-15 20:07:14, EXEC, v:1, k:ed@fuga, mode:FULL, size:26, fail:COMP
2026-03-15 20:07:31, EXEC, v:1, k:ed@fuga, mode:FULL, size:26, fail:COMP
2026-03-15 20:07:51, EXEC, v:1, k:ed@fuga, mode:FULL, rate:50, size:26
2026-03-15 20:09:47, EXEC, v:1, k:ed@fuga, mode:FULL, rate:50, size:30
2026-03-15 20:10:00, EXEC, v:1, k:ed@fuga, mode:FULL, rate:50, size:30
2026-03-15 20:14:08, EXEC, v:1, k:ed@fuga, mode:FULL, rate:50, size:30
2026-03-15 20:22:03, EXEC, v:1, k:ed@fuga, mode:FULL, rate:50, size:39
2026-03-15 20:41:50, MOVE, v:1, k:ed@fuga, mode:PICK
2026-03-15 20:41:59, EXEC, v:1, k:ed@fuga, mode:FULL, rate:50, size:45
2026-03-15 20:43:06, EXEC, v:1, k:ed@fuga, mode:FULL, rate:50, size:50
2026-03-15 20:44:40, EXEC, v:1, k:ed@fuga, mode:FULL, rate:50, size:64
2026-03-15 20:44:48, EXEC, v:1, k:ed@fuga, mode:FULL, rate:50, size:64
2026-03-15 20:44:57, MOVE, v:1, k:ed@fuga, mode:BACK
2026-03-15 20:45:18, MOVE, v:1, k:ed@fuga, mode:PICK
2026-03-15 20:45:23, EXEC, v:1, k:ed@fuga, mode:FULL, rate:50
2026-03-15 20:49:39, EXEC, v:1, k:ed@fuga, mode:FULL, size:57, fail:COMP
2026-03-15 20:49:49, EXEC, v:1, k:ed@fuga, mode:FULL, rate:50, size:56
2026-03-15 20:51:44, EXEC, v:1, k:ed@fuga, mode:FULL, size:61, fail:COMP
2026-03-15 20:52:29, EXEC, v:1, k:ed@fuga, mode:FULL, size:56, fail:COMP
2026-03-15 20:52:38, EXEC, v:1, k:ed@fuga, mode:FULL, fail:COMP
2026-03-15 20:59:29, EXEC, v:1, k:ed@fuga, mode:FULL, rate:70, size:39
2026-03-15 20:59:41, EXEC, v:1, k:ed@fuga, mode:FULL, rate:70
2026-03-15 21:00:20, MOVE, v:1, k:ed@fuga, mode:BACK
2026-03-15 22:08:16, MOVE, v:1, k:ed@pedra, mode:DOWN
2026-03-15 22:08:16, MOVE, v:1, k:ed@pedra, mode:PICK
2026-03-15 22:08:18, EXEC, v:1, k:ed@pedra, mode:FULL, rate:0, size:5
2026-03-15 22:36:17, MOVE, v:1, k:ed@pedra, mode:BACK
