2026-04-14 00:00:43, EXEC, v:1, k:ed@fractais_png, mode:FULL, size:177, fail:COMP
2026-04-14 00:02:26, EXEC, v:1, k:ed@fractais_png, mode:LOCK, rate:0, size:175
2026-04-14 00:03:04, EXEC, v:1, k:ed@fractais_png, mode:FULL, size:176, fail:COMP
2026-04-14 00:05:10, EXEC, v:1, k:ed@fractais_png, mode:LOCK, rate:0, size:177
2026-04-14 00:05:03, MOVE, v:1, k:ed@fractais_png, mode:EDIT
2026-04-14 00:05:09, MOVE, v:1, k:ed@fractais_png, mode:EDIT
2026-04-14 00:05:10, MOVE, v:1, k:ed@fractais_png, mode:EDIT
2026-04-14 00:05:30, EXEC, v:1, k:ed@fractais_png, mode:LOCK, rate:0, size:177
2026-04-14 00:06:58, EXEC, v:1, k:ed@fractais_png, mode:LOCK, rate:0, size:179
2026-04-14 00:07:16, EXEC, v:1, k:ed@fractais_png, mode:LOCK, rate:0, size:179
2026-04-14 00:09:16, EXEC, v:1, k:ed@fractais_png, mode:LOCK, rate:0, size:181
2026-04-14 00:09:34, EXEC, v:1, k:ed@fractais_png, mode:LOCK, rate:0, size:181
2026-04-14 00:09:36, EXEC, v:1, k:ed@fractais_png, mode:LOCK, rate:0
2026-04-14 00:09:47, EXEC, v:1, k:ed@fractais_png, mode:LOCK, rate:0
2026-04-14 00:09:49, EXEC, v:1, k:ed@fractais_png, mode:LOCK, rate:0
2026-04-14 00:09:51, EXEC, v:1, k:ed@fractais_png, mode:LOCK, rate:0
2026-04-14 00:09:52, EXEC, v:1, k:ed@fractais_png, mode:LOCK, rate:0
2026-04-14 00:09:54, EXEC, v:1, k:ed@fractais_png, mode:LOCK, rate:0
2026-04-14 00:09:31, MOVE, v:1, k:ed@fractais_png, mode:EDIT
2026-04-14 00:09:53, MOVE, v:1, k:ed@fractais_png, mode:EDIT
2026-04-14 00:09:54, MOVE, v:1, k:ed@fractais_png, mode:EDIT
2026-04-14 00:17:10, EXEC, v:1, k:ed@fractais_png, mode:LOCK, rate:0, size:182
2026-04-14 00:17:31, EXEC, v:1, k:ed@fractais_png, mode:LOCK, rate:0, size:182
2026-04-14 00:19:06, EXEC, v:1, k:ed@fractais_png, mode:LOCK, rate:0, size:182
2026-04-14 00:19:47, EXEC, v:1, k:ed@fractais_png, mode:LOCK, rate:0, size:182
2026-04-14 00:19:59, EXEC, v:1, k:ed@fractais_png, mode:LOCK, rate:0, size:182
2026-04-14 00:20:10, EXEC, v:1, k:ed@fractais_png, mode:LOCK, rate:0, size:182
2026-04-14 00:20:07, MOVE, v:1, k:ed@fractais_png, mode:EDIT
2026-04-14 00:20:09, MOVE, v:1, k:ed@fractais_png, mode:EDIT
2026-04-14 00:20:10, MOVE, v:1, k:ed@fractais_png, mode:EDIT
2026-04-14 00:21:59, EXEC, v:1, k:ed@fractais_png, mode:LOCK, rate:0
2026-04-14 00:24:47, EXEC, v:1, k:ed@fractais_png, mode:LOCK, rate:0, size:182
2026-04-14 00:25:22, MOVE, v:1, k:ed@fractais_png, mode:EDIT
2026-04-14 00:24:45, MOVE, v:1, k:ed@fractais_png, mode:EDIT
2026-04-14 00:25:20, MOVE, v:1, k:ed@fractais_png, mode:EDIT
2026-04-14 00:24:47, MOVE, v:1, k:ed@fractais_png, mode:EDIT
2026-04-14 00:25:31, EXEC, v:1, k:ed@fractais_png, mode:LOCK, rate:0, size:179
2026-04-14 00:25:36, EXEC, v:1, k:ed@fractais_png, mode:LOCK, rate:0
2026-04-14 00:26:03, EXEC, v:1, k:ed@fractais_png, mode:LOCK, rate:0
2026-04-14 00:26:12, EXEC, v:1, k:ed@fractais_png, mode:LOCK, rate:0
2026-04-14 00:26:46, EXEC, v:1, k:ed@fractais_png, mode:LOCK, rate:0, size:181
2026-04-14 00:27:59, EXEC, v:1, k:ed@fractais_png, mode:LOCK, rate:0, size:177
2026-04-14 00:28:43, EXEC, v:1, k:ed@fractais_png, mode:LOCK, rate:0, size:175
2026-04-14 00:28:54, EXEC, v:1, k:ed@fractais_png, mode:LOCK, rate:0, size:174
2026-04-14 00:29:15, EXEC, v:1, k:ed@fractais_png, mode:LOCK, rate:0, size:174
2026-04-14 00:29:34, EXEC, v:1, k:ed@fractais_png, mode:LOCK, rate:0, size:173
2026-04-14 00:29:52, EXEC, v:1, k:ed@fractais_png, mode:LOCK, rate:0, size:172
2026-04-14 00:30:07, EXEC, v:1, k:ed@fractais_png, mode:LOCK, rate:0, size:172
2026-04-14 00:30:21, EXEC, v:1, k:ed@fractais_png, mode:LOCK, rate:0, size:172
2026-04-14 00:30:22, MOVE, v:1, k:ed@fractais_png, mode:EDIT
2026-04-14 00:30:17, MOVE, v:1, k:ed@fractais_png, mode:EDIT
2026-04-14 00:30:19, MOVE, v:1, k:ed@fractais_png, mode:EDIT
2026-04-14 00:30:21, MOVE, v:1, k:ed@fractais_png, mode:EDIT
2026-04-14 00:30:32, EXEC, v:1, k:ed@fractais_png, mode:LOCK, rate:0, size:172
2026-04-14 00:31:22, EXEC, v:1, k:ed@fractais_png, mode:LOCK, rate:0, size:161
2026-04-14 00:31:31, EXEC, v:1, k:ed@fractais_png, mode:LOCK, rate:0, size:160
2026-04-14 00:31:44, EXEC, v:1, k:ed@fractais_png, mode:LOCK, rate:0, size:160
2026-04-14 00:32:02, EXEC, v:1, k:ed@fractais_png, mode:LOCK, rate:0, size:160
2026-04-14 00:32:08, EXEC, v:1, k:ed@fractais_png, mode:LOCK, rate:0
2026-04-14 00:32:16, EXEC, v:1, k:ed@fractais_png, mode:LOCK, rate:0, size:160
2026-04-14 00:32:35, EXEC, v:1, k:ed@fractais_png, mode:LOCK, rate:0, size:160
2026-04-14 00:32:52, EXEC, v:1, k:ed@fractais_png, mode:LOCK, rate:0, size:160
2026-04-14 00:33:31, EXEC, v:1, k:ed@fractais_png, mode:LOCK, rate:0, size:161
2026-04-14 00:33:46, EXEC, v:1, k:ed@fractais_png, mode:LOCK, rate:0, size:161
2026-04-14 00:34:00, EXEC, v:1, k:ed@fractais_png, mode:LOCK, rate:0, size:161
2026-04-14 00:35:23, MOVE, v:1, k:ed@fractais_png, mode:EDIT
2026-04-14 00:35:09, MOVE, v:1, k:ed@fractais_png, mode:EDIT
2026-04-14 00:33:58, MOVE, v:1, k:ed@fractais_png, mode:EDIT
2026-04-14 00:34:01, MOVE, v:1, k:ed@fractais_png, mode:EDIT
2026-04-14 00:35:30, EXEC, v:1, k:ed@fractais_png, mode:LOCK, rate:0, size:163
2026-04-14 00:36:00, EXEC, v:1, k:ed@fractais_png, mode:LOCK, rate:0, size:162
2026-04-14 00:36:33, EXEC, v:1, k:ed@fractais_png, mode:LOCK, rate:0, size:163
2026-04-14 00:36:55, EXEC, v:1, k:ed@fractais_png, mode:LOCK, rate:0, size:163
2026-04-14 00:37:23, EXEC, v:1, k:ed@fractais_png, mode:LOCK, rate:0, size:162
2026-04-14 00:37:44, EXEC, v:1, k:ed@fractais_png, mode:LOCK, rate:0, size:162
2026-04-14 00:38:07, EXEC, v:1, k:ed@fractais_png, mode:LOCK, rate:0, size:162
2026-04-14 00:38:53, EXEC, v:1, k:ed@fractais_png, mode:LOCK, rate:0, size:162
2026-04-14 00:39:05, EXEC, v:1, k:ed@fractais_png, mode:LOCK, rate:0, size:162
2026-04-14 00:39:21, EXEC, v:1, k:ed@fractais_png, mode:LOCK, rate:0, size:162
2026-04-14 00:39:40, EXEC, v:1, k:ed@fractais_png, mode:LOCK, rate:0, size:162
2026-04-14 00:39:57, EXEC, v:1, k:ed@fractais_png, mode:LOCK, rate:0, size:162
2026-04-14 00:40:03, EXEC, v:1, k:ed@fractais_png, mode:LOCK, rate:0, size:162
2026-04-14 00:40:16, EXEC, v:1, k:ed@fractais_png, mode:LOCK, rate:0, size:162
2026-04-14 00:40:23, MOVE, v:1, k:ed@fractais_png, mode:EDIT
2026-04-14 00:40:16, MOVE, v:1, k:ed@fractais_png, mode:EDIT
2026-04-14 00:40:16, MOVE, v:1, k:ed@fractais_png, mode:EDIT
2026-04-14 00:40:23, MOVE, v:1, k:ed@fractais_png, mode:EDIT
2026-04-14 00:40:27, EXEC, v:1, k:ed@fractais_png, mode:LOCK, rate:0, size:162
2026-04-14 00:40:34, EXEC, v:1, k:ed@fractais_png, mode:LOCK, rate:0, size:162
2026-04-14 00:40:58, EXEC, v:1, k:ed@fractais_png, mode:LOCK, rate:0, size:163
2026-04-14 00:45:23, MOVE, v:1, k:ed@fractais_png, mode:EDIT
2026-04-14 00:40:57, MOVE, v:1, k:ed@fractais_png, mode:EDIT
2026-04-14 00:40:58, MOVE, v:1, k:ed@fractais_png, mode:EDIT
2026-04-14 00:40:58, MOVE, v:1, k:ed@fractais_png, mode:EDIT
2026-04-14 00:50:24, MOVE, v:1, k:ed@fractais_png, mode:EDIT
2026-04-14 00:55:24, MOVE, v:1, k:ed@fractais_png, mode:EDIT
2026-04-14 01:00:24, MOVE, v:1, k:ed@fractais_png, mode:EDIT
2026-04-14 01:05:25, MOVE, v:1, k:ed@fractais_png, mode:EDIT
2026-04-14 01:10:25, MOVE, v:1, k:ed@fractais_png, mode:EDIT
2026-04-14 01:05:40, MOVE, v:1, k:ed@fractais_png, mode:EDIT
2026-04-14 01:15:25, MOVE, v:1, k:ed@fractais_png, mode:EDIT
2026-04-14 01:20:26, MOVE, v:1, k:ed@fractais_png, mode:EDIT
2026-04-14 01:25:26, MOVE, v:1, k:ed@fractais_png, mode:EDIT
2026-04-14 01:28:46, EXEC, v:1, k:ed@fractais_png, mode:LOCK, rate:0, size:163
2026-04-14 01:29:25, EXEC, v:1, k:ed@fractais_png, mode:LOCK, rate:0
2026-04-14 01:30:26, MOVE, v:1, k:ed@fractais_png, mode:EDIT
2026-04-14 01:30:05, MOVE, v:1, k:ed@fractais_png, mode:EDIT
2026-04-14 01:29:25, MOVE, v:1, k:ed@fractais_png, mode:EDIT
2026-04-14 01:29:25, MOVE, v:1, k:ed@fractais_png, mode:EDIT
2026-04-14 01:31:23, EXEC, v:1, k:ed@fractais_png, mode:FULL, size:160, fail:COMP
2026-04-14 01:31:33, EXEC, v:1, k:ed@fractais_png, mode:LOCK, rate:0, size:159
2026-04-14 01:35:14, EXEC, v:1, k:ed@fractais_png, mode:LOCK, rate:0, size:168
2026-04-14 01:35:27, MOVE, v:1, k:ed@fractais_png, mode:EDIT
2026-04-14 01:35:06, MOVE, v:1, k:ed@fractais_png, mode:EDIT
2026-04-14 01:35:14, MOVE, v:1, k:ed@fractais_png, mode:EDIT
2026-04-14 01:35:14, MOVE, v:1, k:ed@fractais_png, mode:EDIT
2026-04-14 01:35:53, EXEC, v:1, k:ed@fractais_png, mode:LOCK, rate:0, size:168
2026-04-14 01:36:13, EXEC, v:1, k:ed@fractais_png, mode:LOCK, rate:0, size:167
2026-04-14 01:36:43, EXEC, v:1, k:ed@fractais_png, mode:LOCK, rate:0, size:167
2026-04-14 01:37:05, EXEC, v:1, k:ed@fractais_png, mode:LOCK, rate:0, size:167
2026-04-14 01:37:16, EXEC, v:1, k:ed@fractais_png, mode:LOCK, rate:0, size:167
2026-04-14 01:37:29, EXEC, v:1, k:ed@fractais_png, mode:LOCK, rate:0, size:167
2026-04-14 01:37:51, MOVE, v:1, k:ed@fractais_png, mode:PICK
2026-04-14 01:37:57, EXEC, v:1, k:ed@fractais_png, mode:LOCK, rate:0, size:167
2026-04-14 01:41:57, EXEC, v:1, k:ed@fractais_png, mode:LOCK, rate:0, size:167
2026-04-14 01:41:56, MOVE, v:1, k:ed@fractais_png, mode:EDIT
2026-04-14 01:41:57, MOVE, v:1, k:ed@fractais_png, mode:EDIT
2026-04-14 01:41:55, MOVE, v:1, k:ed@fractais_png, mode:EDIT
2026-04-14 01:42:52, EXEC, v:1, k:ed@fractais_png, mode:LOCK, rate:0, size:167
2026-04-14 01:43:00, EXEC, v:1, k:ed@fractais_png, mode:LOCK, rate:0, size:167
2026-04-14 01:43:14, EXEC, v:1, k:ed@fractais_png, mode:LOCK, rate:0, size:167
2026-04-14 01:43:34, EXEC, v:1, k:ed@fractais_png, mode:LOCK, rate:0, size:167
2026-04-14 01:43:52, EXEC, v:1, k:ed@fractais_png, mode:LOCK, rate:0, size:167
2026-04-14 01:43:59, EXEC, v:1, k:ed@fractais_png, mode:LOCK, rate:0, size:167
2026-04-14 01:44:09, EXEC, v:1, k:ed@fractais_png, mode:LOCK, rate:0, size:167
2026-04-14 01:44:26, EXEC, v:1, k:ed@fractais_png, mode:LOCK, rate:0, size:167
2026-04-14 01:44:44, EXEC, v:1, k:ed@fractais_png, mode:LOCK, rate:0, size:167
2026-04-14 01:45:41, EXEC, v:1, k:ed@fractais_png, mode:LOCK, rate:0, size:167
2026-04-14 01:45:55, EXEC, v:1, k:ed@fractais_png, mode:LOCK, rate:0, size:167
2026-04-14 01:46:09, EXEC, v:1, k:ed@fractais_png, mode:LOCK, rate:0, size:167
2026-04-14 01:46:21, EXEC, v:1, k:ed@fractais_png, mode:LOCK, rate:0, size:167
2026-04-14 01:46:29, EXEC, v:1, k:ed@fractais_png, mode:LOCK, rate:0, size:167
2026-04-14 01:46:45, EXEC, v:1, k:ed@fractais_png, mode:LOCK, rate:0, size:167
2026-04-14 01:46:53, EXEC, v:1, k:ed@fractais_png, mode:LOCK, rate:0, size:167
2026-04-14 01:47:02, EXEC, v:1, k:ed@fractais_png, mode:LOCK, rate:0, size:167
2026-04-14 01:47:29, EXEC, v:1, k:ed@fractais_png, mode:LOCK, rate:0, size:167
2026-04-14 01:47:46, EXEC, v:1, k:ed@fractais_png, mode:LOCK, rate:0, size:167
2026-04-14 01:47:45, MOVE, v:1, k:ed@fractais_png, mode:EDIT
2026-04-14 01:47:45, MOVE, v:1, k:ed@fractais_png, mode:EDIT
2026-04-14 01:47:46, MOVE, v:1, k:ed@fractais_png, mode:EDIT
2026-04-14 01:47:55, EXEC, v:1, k:ed@fractais_png, mode:LOCK, rate:0, size:167
2026-04-14 01:48:01, EXEC, v:1, k:ed@fractais_png, mode:LOCK, rate:0, size:167
2026-04-14 01:48:13, EXEC, v:1, k:ed@fractais_png, mode:LOCK, rate:0, size:167
2026-04-14 01:48:25, EXEC, v:1, k:ed@fractais_png, mode:LOCK, rate:0, size:167
2026-04-14 01:48:35, EXEC, v:1, k:ed@fractais_png, mode:LOCK, rate:0, size:167
2026-04-14 01:48:43, EXEC, v:1, k:ed@fractais_png, mode:LOCK, rate:0, size:167
2026-04-14 01:48:53, EXEC, v:1, k:ed@fractais_png, mode:LOCK, rate:0, size:167
2026-04-14 01:49:10, EXEC, v:1, k:ed@fractais_png, mode:LOCK, rate:0, size:167
2026-04-14 01:49:31, EXEC, v:1, k:ed@fractais_png, mode:LOCK, rate:0, size:167
2026-04-14 01:49:41, EXEC, v:1, k:ed@fractais_png, mode:LOCK, rate:0, size:167
2026-04-14 01:50:02, EXEC, v:1, k:ed@fractais_png, mode:LOCK, rate:0, size:167
2026-04-14 01:51:15, EXEC, v:1, k:ed@fractais_png, mode:LOCK, rate:0, size:167
2026-04-14 01:51:29, EXEC, v:1, k:ed@fractais_png, mode:LOCK, rate:0, size:167
2026-04-14 01:51:42, EXEC, v:1, k:ed@fractais_png, mode:LOCK, rate:0, size:167
2026-04-14 01:52:01, EXEC, v:1, k:ed@fractais_png, mode:LOCK, rate:0, size:167
2026-04-14 01:52:25, EXEC, v:1, k:ed@fractais_png, mode:LOCK, rate:0, size:167
2026-04-14 01:52:42, EXEC, v:1, k:ed@fractais_png, mode:LOCK, rate:0, size:167
2026-04-14 01:52:40, MOVE, v:1, k:ed@fractais_png, mode:EDIT
2026-04-14 01:52:42, MOVE, v:1, k:ed@fractais_png, mode:EDIT
2026-04-14 01:52:42, MOVE, v:1, k:ed@fractais_png, mode:EDIT
2026-04-14 01:52:59, EXEC, v:1, k:ed@fractais_png, mode:LOCK, rate:0, size:167
2026-04-14 01:53:06, EXEC, v:1, k:ed@fractais_png, mode:LOCK, rate:0, size:167
2026-04-14 01:54:04, EXEC, v:1, k:ed@fractais_png, mode:LOCK, rate:0, size:167
2026-04-14 01:54:34, EXEC, v:1, k:ed@fractais_png, mode:LOCK, rate:0, size:167
2026-04-14 01:54:42, EXEC, v:1, k:ed@fractais_png, mode:LOCK, rate:0, size:167
2026-04-14 01:54:59, EXEC, v:1, k:ed@fractais_png, mode:LOCK, rate:0, size:167
