2026-04-25 21:47:54, MOVE, v:1, k:ed@bettersearch, mode:DOWN
2026-04-25 21:47:59, MOVE, v:1, k:ed@bettersearch, mode:PICK
2026-04-25 21:47:54, MOVE, v:1, k:ed@bettersearch, mode:EDIT
2026-04-25 21:47:54, MOVE, v:1, k:ed@bettersearch, mode:EDIT
2026-04-25 21:47:54, MOVE, v:1, k:ed@bettersearch, mode:EDIT
2026-04-25 21:58:25, MOVE, v:1, k:ed@bettersearch, mode:EDIT
2026-04-25 22:01:38, MOVE, v:1, k:ed@bettersearch, mode:EDIT
2026-04-25 22:04:51, MOVE, v:1, k:ed@bettersearch, mode:EDIT
2026-04-25 22:14:38, MOVE, v:1, k:ed@bettersearch, mode:EDIT
2026-04-25 22:17:13, EXEC, v:1, k:ed@bettersearch, mode:FULL, rate:63, size:47
2026-04-25 22:17:05, MOVE, v:1, k:ed@bettersearch, mode:EDIT
2026-04-25 22:17:12, MOVE, v:1, k:ed@bettersearch, mode:EDIT
2026-04-25 22:23:13, MOVE, v:1, k:ed@bettersearch, mode:EDIT
2026-04-25 22:28:52, EXEC, v:1, k:ed@bettersearch, mode:FULL, rate:36, size:48
2026-04-25 22:29:12, MOVE, v:1, k:ed@bettersearch, mode:EDIT
2026-04-25 22:28:52, MOVE, v:1, k:ed@bettersearch, mode:EDIT
2026-04-25 22:33:39, MOVE, v:1, k:ed@bettersearch, mode:EDIT
2026-04-25 22:36:33, MOVE, v:1, k:ed@bettersearch, mode:EDIT
2026-04-25 22:44:17, EXEC, v:1, k:ed@bettersearch, mode:FULL, rate:18, size:49
2026-04-25 22:44:14, MOVE, v:1, k:ed@bettersearch, mode:EDIT
2026-04-25 22:44:16, MOVE, v:1, k:ed@bettersearch, mode:EDIT
2026-04-25 22:49:40, MOVE, v:1, k:ed@bettersearch, mode:EDIT
2026-04-25 22:50:59, EXEC, v:1, k:ed@bettersearch, mode:FULL, rate:63, size:50
2026-04-25 22:51:46, MOVE, v:1, k:ed@bettersearch, mode:EDIT
2026-04-25 22:50:59, MOVE, v:1, k:ed@bettersearch, mode:EDIT
2026-04-25 22:57:47, MOVE, v:1, k:ed@bettersearch, mode:EDIT
2026-04-25 22:59:44, MOVE, v:1, k:ed@bettersearch, mode:EDIT
2026-04-25 23:08:57, EXEC, v:1, k:ed@bettersearch, mode:FULL, rate:100, size:50
2026-04-25 23:09:19, EXEC, v:1, k:ed@bettersearch, mode:FULL, rate:100, size:48
2026-04-25 23:09:26, EXEC, v:1, k:ed@bettersearch, mode:FULL, rate:100, size:47
2026-04-25 23:09:26, MOVE, v:1, k:ed@bettersearch, mode:EDIT
2026-04-25 23:09:26, MOVE, v:1, k:ed@bettersearch, mode:EDIT
2026-04-25 23:09:44, MOVE, v:1, k:ed@bettersearch, mode:BACK
2026-04-25 23:11:13, SELF, v:1, k:ed@bettersearch, self:1, rate:100, study:81, friend:cecilia, problem:1
