2026-04-03 02:29:25, MOVE, v:1, k:ed@resto, mode:PICK
2026-04-03 02:29:57, MOVE, v:1, k:ed@resto, mode:BACK
2026-04-03 02:30:14, MOVE, v:1, k:ed@mdc, mode:PICK
2026-04-03 02:30:26, MOVE, v:1, k:ed@mdc, mode:BACK
2026-04-03 02:30:29, MOVE, v:1, k:ed@resto, mode:PICK
2026-04-03 02:48:22, EXEC, v:1, k:ed@resto, mode:FULL, size:21, fail:COMP
2026-04-03 03:00:04, EXEC, v:1, k:ed@resto, mode:FULL, rate:0, size:19
2026-04-03 03:00:18, EXEC, v:1, k:ed@resto, mode:FULL, rate:100, size:19
2026-04-03 03:01:14, MOVE, v:1, k:ed@resto, mode:BACK
2026-04-03 03:04:16, SELF, v:1, k:ed@resto, self:1, rate:100, study:31, concept:1, refactor:1
2026-04-03 23:00:38, MOVE, v:1, k:ed@triangulo, mode:PICK
2026-04-03 23:02:37, MOVE, v:1, k:ed@triangulo, mode:BACK
2026-04-03 23:02:51, MOVE, v:1, k:ed@resto, mode:PICK
2026-04-03 23:02:56, MOVE, v:1, k:ed@resto, mode:BACK
2026-04-03 23:03:03, MOVE, v:1, k:ed@triangulo, mode:PICK
2026-04-03 23:28:51, EXEC, v:1, k:ed@triangulo, mode:FULL, rate:0, size:57
2026-04-03 23:29:18, EXEC, v:1, k:ed@triangulo, mode:FULL, rate:0
2026-04-03 23:30:25, EXEC, v:1, k:ed@triangulo, mode:FULL, rate:0, size:56
2026-04-03 23:31:16, EXEC, v:1, k:ed@triangulo, mode:FULL, rate:0
2026-04-03 23:34:19, MOVE, v:1, k:ed@triangulo, mode:BACK
2026-04-03 23:34:29, MOVE, v:1, k:ed@rotacoes, mode:PICK
2026-04-03 23:34:59, MOVE, v:1, k:ed@rotacoes, mode:BACK
2026-04-03 23:35:06, MOVE, v:1, k:ed@apagando, mode:PICK
2026-04-03 23:35:31, MOVE, v:1, k:ed@apagando, mode:BACK
2026-04-03 23:35:40, MOVE, v:1, k:ed@triangulo, mode:PICK
2026-04-03 23:36:34, EXEC, v:1, k:ed@triangulo, mode:FULL, rate:0, size:56
2026-04-03 23:36:53, EXEC, v:1, k:ed@triangulo, mode:FULL, rate:0, size:56
2026-04-03 23:37:05, EXEC, v:1, k:ed@triangulo, mode:FULL, rate:0, size:56
2026-04-03 23:37:20, EXEC, v:1, k:ed@triangulo, mode:FULL, rate:0, size:56
2026-04-03 23:37:30, EXEC, v:1, k:ed@triangulo, mode:FULL, rate:0, size:56
2026-04-03 23:37:39, EXEC, v:1, k:ed@triangulo, mode:FULL, rate:0, size:56
2026-04-03 23:37:46, EXEC, v:1, k:ed@triangulo, mode:FULL, rate:0, size:56
2026-04-03 23:37:58, EXEC, v:1, k:ed@triangulo, mode:FULL, rate:0, size:56
2026-04-03 23:39:38, EXEC, v:1, k:ed@triangulo, mode:FULL, rate:0, size:56
2026-04-03 23:39:45, EXEC, v:1, k:ed@triangulo, mode:FULL, rate:0, size:56
2026-04-03 23:41:58, EXEC, v:1, k:ed@triangulo, mode:FULL, rate:0, size:61
2026-04-03 23:42:30, EXEC, v:1, k:ed@triangulo, mode:FULL, rate:0, size:62
2026-04-03 23:42:38, EXEC, v:1, k:ed@triangulo, mode:FULL, rate:0, size:62
2026-04-03 23:43:49, EXEC, v:1, k:ed@triangulo, mode:FULL, rate:0, size:62
2026-04-03 23:43:57, EXEC, v:1, k:ed@triangulo, mode:FULL, rate:0, size:62
2026-04-03 23:44:04, EXEC, v:1, k:ed@triangulo, mode:FULL, rate:0, size:62
2026-04-03 23:44:10, EXEC, v:1, k:ed@triangulo, mode:FULL, rate:0, size:62
2026-04-03 23:44:24, EXEC, v:1, k:ed@triangulo, mode:FULL, rate:0, size:62
2026-04-03 23:45:07, EXEC, v:1, k:ed@triangulo, mode:FULL, rate:100, size:62
2026-04-03 23:45:35, MOVE, v:1, k:ed@triangulo, mode:BACK
