2026-05-11 18:51:26, MOVE, v:1, k:ed@editor, mode:DOWN
2026-05-11 18:51:29, MOVE, v:1, k:ed@editor, mode:PICK
2026-05-11 18:52:06, MOVE, v:1, k:ed@editor, mode:BACK
2026-05-11 18:52:14, MOVE, v:1, k:ed@editorint, mode:PICK
2026-05-11 18:51:26, MOVE, v:1, k:ed@editor, mode:EDIT
2026-05-11 18:51:26, MOVE, v:1, k:ed@editor, mode:EDIT
2026-05-11 18:51:26, MOVE, v:1, k:ed@editor, mode:EDIT
2026-05-11 18:57:51, EXEC, v:1, k:ed@editorint, mode:FREE
2026-05-11 18:59:04, EXEC, v:1, k:ed@editorint, mode:FREE
2026-05-11 18:59:31, MOVE, v:1, k:ed@editorint, mode:BACK
2026-05-11 19:00:02, EXEC, v:1, k:ed@editorint, mode:FREE
2026-05-11 19:00:28, EXEC, v:1, k:ed@editorint, mode:FREE
2026-05-11 21:41:19, MOVE, v:1, k:ed@editorint, mode:PICK
2026-05-11 21:42:23, EXEC, v:1, k:ed@editorint, mode:FREE
2026-05-11 21:44:42, EXEC, v:1, k:ed@editorint, mode:FREE
2026-05-11 21:44:43, MOVE, v:1, k:ed@editorint, mode:EDIT
2026-05-11 21:44:34, MOVE, v:1, k:ed@editorint, mode:EDIT
2026-05-11 21:50:37, MOVE, v:1, k:ed@editorint, mode:EDIT
2026-05-11 21:51:33, EXEC, v:1, k:ed@editorint, mode:FREE
2026-05-11 21:56:09, MOVE, v:1, k:ed@editorint, mode:EDIT
2026-05-11 21:51:34, MOVE, v:1, k:ed@editorint, mode:EDIT
2026-05-11 21:57:34, EXEC, v:1, k:ed@editorint, mode:FREE
2026-05-11 22:00:06, EXEC, v:1, k:ed@editorint, mode:FREE
2026-05-11 21:59:52, MOVE, v:1, k:ed@editorint, mode:EDIT
2026-05-11 22:00:06, MOVE, v:1, k:ed@editorint, mode:EDIT
2026-05-11 22:04:50, MOVE, v:1, k:ed@editorint, mode:EDIT
2026-05-11 22:08:35, MOVE, v:1, k:ed@editorint, mode:PICK
2026-05-11 22:08:42, MOVE, v:1, k:ed@editorint, mode:BACK
2026-05-11 22:11:02, MOVE, v:1, k:ed@editorint, mode:EDIT
2026-05-11 22:14:13, MOVE, v:1, k:ed@editorint, mode:EDIT
2026-05-11 22:17:40, EXEC, v:1, k:ed@editorint, mode:FREE
2026-05-11 22:21:11, MOVE, v:1, k:ed@editorint, mode:EDIT
2026-05-11 22:17:40, MOVE, v:1, k:ed@editorint, mode:EDIT
2026-05-11 22:22:10, EXEC, v:1, k:ed@editorint, mode:FREE
2026-05-11 22:22:01, MOVE, v:1, k:ed@editorint, mode:EDIT
2026-05-11 22:22:10, MOVE, v:1, k:ed@editorint, mode:EDIT
2026-05-11 22:39:04, MOVE, v:1, k:ed@editorint, mode:EDIT
2026-05-11 22:46:10, MOVE, v:1, k:ed@editorint, mode:EDIT
2026-05-11 22:51:07, MOVE, v:1, k:ed@editorint, mode:EDIT
2026-05-11 22:51:42, EXEC, v:1, k:ed@editorint, mode:FREE
2026-05-11 22:51:27, MOVE, v:1, k:ed@editorint, mode:EDIT
2026-05-11 22:51:42, MOVE, v:1, k:ed@editorint, mode:EDIT
2026-05-11 23:00:48, MOVE, v:1, k:ed@editorint, mode:EDIT
2026-05-11 23:06:11, MOVE, v:1, k:ed@editorint, mode:EDIT
2026-05-11 23:06:33, EXEC, v:1, k:ed@editorint, mode:FREE
2026-05-11 23:10:19, EXEC, v:1, k:ed@editorint, mode:FREE
2026-05-11 23:10:08, MOVE, v:1, k:ed@editorint, mode:EDIT
2026-05-11 23:10:20, MOVE, v:1, k:ed@editorint, mode:EDIT
2026-05-11 23:19:38, MOVE, v:1, k:ed@editorint, mode:EDIT
2026-05-11 23:25:04, MOVE, v:1, k:ed@editorint, mode:EDIT
2026-05-11 23:30:58, MOVE, v:1, k:ed@editorint, mode:EDIT
2026-05-11 23:32:35, EXEC, v:1, k:ed@editorint, mode:FREE
2026-05-11 23:36:09, MOVE, v:1, k:ed@editorint, mode:EDIT
2026-05-11 23:32:36, MOVE, v:1, k:ed@editorint, mode:EDIT
2026-05-11 23:37:14, EXEC, v:1, k:ed@editorint, mode:FREE
2026-05-11 23:38:10, MOVE, v:1, k:ed@editorint, mode:BACK
2026-05-11 23:39:49, SELF, v:1, k:ed@editorint, self:1, rate:100, study:300, friend:cecilia, concept:1, problem:1, refactor:1
