2026-04-01 02:09:15, MOVE, v:1, k:ed@buscas, mode:PICK
2026-04-01 02:38:51, EXEC, v:1, k:ed@buscas, mode:FULL, size:26, fail:COMP
2026-04-01 02:39:36, EXEC, v:1, k:ed@buscas, mode:FULL, rate:0, size:26
2026-04-01 02:40:28, EXEC, v:1, k:ed@buscas, mode:FULL, rate:0, size:26
2026-04-01 02:40:54, EXEC, v:1, k:ed@buscas, mode:FULL, rate:22, size:26
2026-04-01 02:42:16, EXEC, v:1, k:ed@buscas, mode:FULL, rate:100, size:26
2026-04-01 02:42:41, MOVE, v:1, k:ed@buscas, mode:BACK
2026-04-01 02:53:06, MOVE, v:1, k:ed@buscas, mode:PICK
2026-04-01 02:53:26, MOVE, v:1, k:ed@buscas, mode:BACK
2026-04-01 13:14:24, SELF, v:1, k:ed@buscas, self:1, rate:100, study:45, friend:cecilia, concept:1
2026-04-01 13:52:51, MOVE, v:1, k:ed@triangulo, mode:DOWN
2026-04-01 13:52:53, MOVE, v:1, k:ed@triangulo, mode:PICK
2026-04-01 13:53:19, MOVE, v:1, k:ed@triangulo, mode:BACK
2026-04-01 13:53:23, MOVE, v:1, k:ed@treinando, mode:DOWN
2026-04-01 13:53:24, MOVE, v:1, k:ed@treinando, mode:PICK
2026-04-01 13:53:46, MOVE, v:1, k:ed@treinando, mode:BACK
2026-04-01 13:55:30, MOVE, v:1, k:ed@triangulo, mode:PICK
2026-04-01 13:58:23, MOVE, v:1, k:ed@triangulo, mode:BACK
2026-04-01 13:58:31, MOVE, v:1, k:ed@mdc, mode:DOWN
2026-04-01 13:58:32, MOVE, v:1, k:ed@mdc, mode:PICK
2026-04-01 14:06:13, EXEC, v:1, k:ed@mdc, mode:FULL, rate:100, size:21
2026-04-01 14:07:38, MOVE, v:1, k:ed@mdc, mode:BACK
2026-04-01 14:09:36, MOVE, v:1, k:ed@mdc, mode:PICK
2026-04-01 14:09:40, MOVE, v:1, k:ed@mdc, mode:BACK
2026-04-01 14:09:41, MOVE, v:1, k:ed@mdc, mode:PICK
2026-04-01 14:09:42, MOVE, v:1, k:ed@mdc, mode:BACK
2026-04-01 14:09:43, MOVE, v:1, k:ed@mdc, mode:PICK
2026-04-01 14:10:01, EXEC, v:1, k:ed@mdc, mode:FULL, rate:100
2026-04-01 14:10:04, MOVE, v:1, k:ed@mdc, mode:BACK
2026-04-01 14:10:39, SELF, v:1, k:ed@mdc, self:1, rate:100, study:10, friend:cecilia e rayca
