2026-04-26 01:21:59, MOVE, v:1, k:ed@magicsearch, mode:DOWN
2026-04-26 01:22:01, MOVE, v:1, k:ed@magicsearch, mode:PICK
2026-04-26 01:22:53, MOVE, v:1, k:ed@magicsearch, mode:BACK
2026-04-26 01:23:08, MOVE, v:1, k:ed@bettersearch, mode:PICK
2026-04-26 01:24:31, MOVE, v:1, k:ed@bettersearch, mode:BACK
2026-04-26 01:24:40, MOVE, v:1, k:ed@magicsearch, mode:PICK
2026-04-26 01:25:03, EXEC, v:1, k:ed@magicsearch, mode:FULL, rate:10, size:43
2026-04-26 01:25:47, EXEC, v:1, k:ed@magicsearch, mode:FULL, rate:80, size:43
2026-04-26 01:25:37, MOVE, v:1, k:ed@magicsearch, mode:EDIT
2026-04-26 01:25:47, MOVE, v:1, k:ed@magicsearch, mode:EDIT
2026-04-26 01:30:40, MOVE, v:1, k:ed@magicsearch, mode:EDIT
2026-04-26 01:34:42, EXEC, v:1, k:ed@magicsearch, mode:FULL, rate:80, size:44
2026-04-26 01:36:01, MOVE, v:1, k:ed@magicsearch, mode:EDIT
2026-04-26 01:34:42, MOVE, v:1, k:ed@magicsearch, mode:EDIT
2026-04-26 01:44:13, MOVE, v:1, k:ed@magicsearch, mode:EDIT
2026-04-26 01:52:33, MOVE, v:1, k:ed@magicsearch, mode:EDIT
2026-04-26 01:54:20, EXEC, v:1, k:ed@magicsearch, mode:FULL, rate:80, size:47
2026-04-26 01:55:44, EXEC, v:1, k:ed@magicsearch, mode:FULL, rate:80, size:48
2026-04-26 01:56:28, EXEC, v:1, k:ed@magicsearch, mode:FULL, rate:60, size:49
2026-04-26 01:56:35, EXEC, v:1, k:ed@magicsearch, mode:FULL, rate:80, size:49
2026-04-26 01:57:50, EXEC, v:1, k:ed@magicsearch, mode:FULL, rate:80, size:49
2026-04-26 01:57:50, MOVE, v:1, k:ed@magicsearch, mode:EDIT
2026-04-26 01:57:50, MOVE, v:1, k:ed@magicsearch, mode:EDIT
2026-04-26 01:58:00, MOVE, v:1, k:ed@magicsearch, mode:EDIT
2026-04-26 02:05:14, EXEC, v:1, k:ed@magicsearch, mode:FULL, rate:50, size:52
2026-04-26 02:07:40, EXEC, v:1, k:ed@magicsearch, mode:FULL, rate:50, size:52
2026-04-26 02:07:39, MOVE, v:1, k:ed@magicsearch, mode:EDIT
2026-04-26 02:07:40, MOVE, v:1, k:ed@magicsearch, mode:EDIT
2026-04-26 02:09:33, EXEC, v:1, k:ed@magicsearch, mode:FULL, rate:50, size:50
2026-04-26 02:10:20, EXEC, v:1, k:ed@magicsearch, mode:FULL, rate:50, size:51
2026-04-26 02:10:33, EXEC, v:1, k:ed@magicsearch, mode:FULL, rate:40, size:50
2026-04-26 02:13:00, MOVE, v:1, k:ed@magicsearch, mode:EDIT
2026-04-26 02:10:33, MOVE, v:1, k:ed@magicsearch, mode:EDIT
2026-04-26 02:13:01, EXEC, v:1, k:ed@magicsearch, mode:FULL, rate:50, size:48
2026-04-26 02:16:36, EXEC, v:1, k:ed@magicsearch, mode:FULL, rate:0, size:49
2026-04-26 02:16:36, MOVE, v:1, k:ed@magicsearch, mode:EDIT
2026-04-26 02:16:28, MOVE, v:1, k:ed@magicsearch, mode:EDIT
2026-04-26 02:18:18, EXEC, v:1, k:ed@magicsearch, mode:FULL, rate:100, size:49
2026-04-26 02:19:42, MOVE, v:1, k:ed@magicsearch, mode:EDIT
2026-04-26 02:18:18, MOVE, v:1, k:ed@magicsearch, mode:EDIT
2026-04-26 02:27:22, MOVE, v:1, k:ed@magicsearch, mode:EDIT
2026-04-26 02:29:58, MOVE, v:1, k:ed@magicsearch, mode:BACK
2026-04-26 02:30:56, MOVE, v:1, k:ed@magicsearch, mode:PICK
2026-04-26 02:31:01, EXEC, v:1, k:ed@magicsearch, mode:FULL, rate:100, size:50
2026-04-26 02:31:04, MOVE, v:1, k:ed@magicsearch, mode:BACK
2026-04-26 02:31:21, MOVE, v:1, k:ed@magicsearch, mode:PICK
2026-04-26 02:31:22, MOVE, v:1, k:ed@magicsearch, mode:BACK
2026-04-26 02:32:07, SELF, v:1, k:ed@magicsearch, self:1, rate:100, study:67, friend:cecilia, problem:1
