2026-05-19 00:00:29, EXEC, v:1, k:ed@labirinto, mode:FULL, rate:100, size:85
2026-05-19 00:02:31, MOVE, v:1, k:ed@labirinto, mode:BACK
2026-05-19 00:03:55, SELF, v:1, k:ed@labirinto, self:1, rate:100, study:84, debug:1, refactor:1
2026-05-19 00:05:02, SELF, v:1, k:ed@treinando, self:1, rate:100, study:169, concept:1, code:1
2026-05-19 12:55:55, MOVE, v:1, k:ed@ilhas, mode:DOWN
2026-05-19 12:55:56, MOVE, v:1, k:ed@ilhas, mode:PICK
2026-05-19 12:58:19, MOVE, v:1, k:ed@ilhas, mode:BACK
2026-05-19 12:58:24, MOVE, v:1, k:ed@ilhas, mode:PICK
2026-05-19 12:55:55, MOVE, v:1, k:ed@ilhas, mode:EDIT
2026-05-19 12:55:55, MOVE, v:1, k:ed@ilhas, mode:EDIT
2026-05-19 12:55:55, MOVE, v:1, k:ed@ilhas, mode:EDIT
2026-05-19 13:05:15, MOVE, v:1, k:ed@ilhas, mode:EDIT
2026-05-19 13:10:13, MOVE, v:1, k:ed@ilhas, mode:EDIT
2026-05-19 13:12:12, EXEC, v:1, k:ed@ilhas, mode:FULL, rate:100, size:56
2026-05-19 13:12:39, MOVE, v:1, k:ed@ilhas, mode:BACK
2026-05-19 13:13:48, MOVE, v:1, k:ed@ilhas, mode:PICK
2026-05-19 13:12:01, MOVE, v:1, k:ed@ilhas, mode:EDIT
2026-05-19 13:12:12, MOVE, v:1, k:ed@ilhas, mode:EDIT
2026-05-19 13:16:00, EXEC, v:1, k:ed@ilhas, mode:FULL, rate:100
2026-05-19 13:16:05, MOVE, v:1, k:ed@ilhas, mode:BACK
2026-05-19 13:16:49, MOVE, v:1, k:ed@ilhas, mode:PICK
2026-05-19 13:26:51, MOVE, v:1, k:ed@ilhas, mode:BACK
2026-05-19 13:27:07, MOVE, v:1, k:ed@ilhas, mode:PICK
2026-05-19 13:45:36, MOVE, v:1, k:ed@ilhas, mode:BACK
