2026-05-26 00:05:35, MOVE, v:1, k:ed@multiset, mode:EDIT
2026-05-26 00:07:09, EXEC, v:1, k:ed@multiset, mode:FULL, size:103, fail:COMP
2026-05-26 00:07:53, EXEC, v:1, k:ed@multiset, mode:FULL, rate:0, size:103
2026-05-26 00:10:37, MOVE, v:1, k:ed@multiset, mode:EDIT
2026-05-26 00:07:53, MOVE, v:1, k:ed@multiset, mode:EDIT
2026-05-26 00:12:22, EXEC, v:1, k:ed@multiset, mode:FULL, rate:0, size:114
2026-05-26 00:15:28, MOVE, v:1, k:ed@multiset, mode:EDIT
2026-05-26 00:12:22, MOVE, v:1, k:ed@multiset, mode:EDIT
2026-05-26 00:15:45, EXEC, v:1, k:ed@multiset, mode:FULL, rate:0, size:115
2026-05-26 00:15:45, MOVE, v:1, k:ed@multiset, mode:EDIT
2026-05-26 00:20:39, MOVE, v:1, k:ed@multiset, mode:EDIT
2026-05-26 00:20:44, EXEC, v:1, k:ed@multiset, mode:FULL, rate:16, size:115
2026-05-26 00:21:43, EXEC, v:1, k:ed@multiset, mode:FULL, rate:16, size:116
2026-05-26 00:22:26, MOVE, v:1, k:ed@multiset, mode:BACK
2026-05-26 00:28:23, MOVE, v:1, k:ed@multiset, mode:PICK
2026-05-26 00:30:06, MOVE, v:1, k:ed@multiset, mode:EDIT
2026-05-26 00:33:00, EXEC, v:1, k:ed@multiset, mode:FULL, rate:16, size:131
2026-05-26 00:33:48, EXEC, v:1, k:ed@multiset, mode:FULL, rate:33, size:132
2026-05-26 00:33:46, MOVE, v:1, k:ed@multiset, mode:EDIT
2026-05-26 00:33:48, MOVE, v:1, k:ed@multiset, mode:EDIT
2026-05-26 00:39:25, MOVE, v:1, k:ed@multiset, mode:BACK
2026-05-26 00:39:53, MOVE, v:1, k:ed@multiset, mode:PICK
2026-05-26 00:44:43, MOVE, v:1, k:ed@multiset, mode:EDIT
2026-05-26 00:46:20, MOVE, v:1, k:ed@multiset, mode:BACK
2026-05-26 00:46:36, MOVE, v:1, k:ed@distancia, mode:PICK
2026-05-26 00:47:02, MOVE, v:1, k:ed@distancia, mode:BACK
2026-05-26 00:45:21, MOVE, v:1, k:ed@multiset, mode:EDIT
2026-05-26 00:50:22, MOVE, v:1, k:ed@distancia, mode:PICK
2026-05-26 00:50:30, MOVE, v:1, k:ed@distancia, mode:BACK
2026-05-26 00:51:15, MOVE, v:1, k:ed@multiset, mode:PICK
2026-05-26 00:52:54, EXEC, v:1, k:ed@multiset, mode:FULL, rate:50, size:164
2026-05-26 00:52:51, MOVE, v:1, k:ed@multiset, mode:EDIT
2026-05-26 00:52:54, MOVE, v:1, k:ed@multiset, mode:EDIT
2026-05-26 00:59:44, MOVE, v:1, k:ed@multiset, mode:EDIT
2026-05-26 01:00:29, EXEC, v:1, k:ed@multiset, mode:FULL, rate:50, size:193
2026-05-26 01:04:41, MOVE, v:1, k:ed@multiset, mode:EDIT
2026-05-26 01:00:29, MOVE, v:1, k:ed@multiset, mode:EDIT
2026-05-26 01:05:08, EXEC, v:1, k:ed@multiset, mode:FULL, rate:66, size:194
2026-05-26 01:08:18, EXEC, v:1, k:ed@multiset, mode:FULL, size:200, fail:COMP
2026-05-26 01:09:44, MOVE, v:1, k:ed@multiset, mode:EDIT
2026-05-26 01:05:08, MOVE, v:1, k:ed@multiset, mode:EDIT
2026-05-26 01:10:32, EXEC, v:1, k:ed@multiset, mode:FULL, rate:83, size:208
2026-05-26 01:13:45, EXEC, v:1, k:ed@multiset, mode:FULL, rate:100, size:214
2026-05-26 01:13:55, MOVE, v:1, k:ed@multiset, mode:BACK
2026-05-26 01:15:02, SELF, v:1, k:ed@multiset, self:1, rate:100, study:155, concept:1, problem:1, debug:1
2026-05-26 13:33:53, MOVE, v:1, k:ed@bufferring, mode:DOWN
2026-05-26 13:33:54, MOVE, v:1, k:ed@bufferring, mode:PICK
2026-05-26 13:33:53, MOVE, v:1, k:ed@bufferring, mode:EDIT
2026-05-26 13:33:53, MOVE, v:1, k:ed@bufferring, mode:EDIT
2026-05-26 13:33:53, MOVE, v:1, k:ed@bufferring, mode:EDIT
2026-05-26 13:33:53, MOVE, v:1, k:ed@bufferring, mode:EDIT
2026-05-26 13:43:24, MOVE, v:1, k:ed@bufferring, mode:EDIT
2026-05-26 13:43:59, MOVE, v:1, k:ed@bufferring, mode:BACK
2026-05-26 13:44:14, MOVE, v:1, k:ed@fila_enc, mode:DOWN
2026-05-26 13:44:15, MOVE, v:1, k:ed@fila_enc, mode:PICK
2026-05-26 13:44:13, MOVE, v:1, k:ed@fila_enc, mode:EDIT
2026-05-26 13:44:14, MOVE, v:1, k:ed@fila_enc, mode:EDIT
2026-05-26 13:44:14, MOVE, v:1, k:ed@fila_enc, mode:EDIT
2026-05-26 13:52:55, MOVE, v:1, k:ed@fila_enc, mode:EDIT
2026-05-26 13:58:11, MOVE, v:1, k:ed@fila_enc, mode:BACK
2026-05-26 13:58:19, MOVE, v:1, k:ed@queimando, mode:DOWN
2026-05-26 13:58:21, MOVE, v:1, k:ed@queimando, mode:PICK
2026-05-26 13:58:19, MOVE, v:1, k:ed@queimando, mode:EDIT
2026-05-26 13:58:19, MOVE, v:1, k:ed@queimando, mode:EDIT
2026-05-26 13:58:19, MOVE, v:1, k:ed@queimando, mode:EDIT
2026-05-26 13:58:19, MOVE, v:1, k:ed@queimando, mode:EDIT
2026-05-26 14:03:42, MOVE, v:1, k:ed@queimando, mode:EDIT
2026-05-26 14:12:38, MOVE, v:1, k:ed@queimando, mode:BACK
2026-05-26 14:12:58, MOVE, v:1, k:ed@pilhado, mode:DOWN
2026-05-26 14:12:59, MOVE, v:1, k:ed@pilhado, mode:PICK
2026-05-26 14:12:29, MOVE, v:1, k:ed@queimando, mode:EDIT
2026-05-26 14:12:58, MOVE, v:1, k:ed@pilhado, mode:EDIT
2026-05-26 14:12:58, MOVE, v:1, k:ed@pilhado, mode:EDIT
2026-05-26 14:12:58, MOVE, v:1, k:ed@pilhado, mode:EDIT
2026-05-26 14:12:58, MOVE, v:1, k:ed@pilhado, mode:EDIT
2026-05-26 14:23:08, MOVE, v:1, k:ed@pilhado, mode:BACK
2026-05-26 14:18:54, MOVE, v:1, k:ed@pilhado, mode:EDIT
2026-05-26 23:41:00, MOVE, v:1, k:ed@fuga, mode:PICK
2026-05-26 23:46:34, MOVE, v:1, k:ed@fuga, mode:BACK
2026-05-26 23:46:40, MOVE, v:1, k:ed@multiset, mode:PICK
2026-05-26 23:47:44, MOVE, v:1, k:ed@multiset, mode:BACK
2026-05-26 23:47:51, MOVE, v:1, k:ed@fuga, mode:PICK
2026-05-26 23:54:47, MOVE, v:1, k:ed@fuga, mode:EDIT
2026-05-26 23:59:46, MOVE, v:1, k:ed@fuga, mode:EDIT
