2026-06-02 23:03:55, MOVE, v:1, k:ed@setbuild, mode:DOWN
2026-06-02 23:03:56, MOVE, v:1, k:ed@setbuild, mode:PICK
2026-06-02 23:03:55, MOVE, v:1, k:ed@setbuild, mode:EDIT
2026-06-02 23:03:55, MOVE, v:1, k:ed@setbuild, mode:EDIT
2026-06-02 23:03:55, MOVE, v:1, k:ed@setbuild, mode:EDIT
2026-06-02 23:06:33, MOVE, v:1, k:ed@setbuild, mode:EDIT
2026-06-02 23:10:46, MOVE, v:1, k:ed@setbuild, mode:EDIT
2026-06-02 23:11:48, EXEC, v:1, k:ed@setbuild, mode:FULL, size:59, fail:COMP
2026-06-02 23:12:14, EXEC, v:1, k:ed@setbuild, mode:FULL, size:60, fail:COMP
2026-06-02 23:14:32, MOVE, v:1, k:ed@setbuild, mode:BACK
2026-06-02 23:14:37, MOVE, v:1, k:ed@vetbuild, mode:PICK
2026-06-02 23:15:43, MOVE, v:1, k:ed@vetbuild, mode:BACK
2026-06-02 23:15:45, MOVE, v:1, k:ed@setbuild, mode:PICK
2026-06-02 23:16:30, EXEC, v:1, k:ed@setbuild, mode:FULL, size:74, fail:COMP
2026-06-02 23:16:40, EXEC, v:1, k:ed@setbuild, mode:FULL, fail:COMP
2026-06-02 23:16:30, MOVE, v:1, k:ed@setbuild, mode:EDIT
2026-06-02 23:26:55, MOVE, v:1, k:ed@setbuild, mode:BACK
2026-06-02 23:27:08, MOVE, v:1, k:ed@bettersearch, mode:PICK
2026-06-02 23:29:44, MOVE, v:1, k:ed@bettersearch, mode:BACK
2026-06-02 23:29:49, MOVE, v:1, k:ed@setbuild, mode:PICK
2026-06-02 23:31:37, MOVE, v:1, k:ed@setbuild, mode:BACK
2026-06-02 23:30:32, MOVE, v:1, k:ed@setbuild, mode:EDIT
2026-06-02 23:38:23, MOVE, v:1, k:ed@setbuild, mode:PICK
2026-06-02 23:41:29, MOVE, v:1, k:ed@setbuild, mode:BACK
2026-06-02 23:41:37, MOVE, v:1, k:ed@vetbuild, mode:PICK
2026-06-02 23:39:57, MOVE, v:1, k:ed@setbuild, mode:EDIT
2026-06-02 23:42:31, MOVE, v:1, k:ed@vetbuild, mode:BACK
2026-06-02 23:42:34, MOVE, v:1, k:ed@setbuild, mode:PICK
2026-06-02 23:43:44, EXEC, v:1, k:ed@setbuild, mode:FULL, size:112, fail:COMP
2026-06-02 23:44:42, EXEC, v:1, k:ed@setbuild, mode:FULL, size:112, fail:COMP
2026-06-02 23:46:55, MOVE, v:1, k:ed@setbuild, mode:EDIT
2026-06-02 23:48:18, EXEC, v:1, k:ed@setbuild, mode:FULL, size:129, fail:COMP
2026-06-02 23:48:20, EXEC, v:1, k:ed@setbuild, mode:FULL, fail:COMP
2026-06-02 23:48:20, EXEC, v:1, k:ed@setbuild, mode:FULL, fail:COMP
2026-06-02 23:48:20, EXEC, v:1, k:ed@setbuild, mode:FULL, fail:COMP
2026-06-02 23:51:22, EXEC, v:1, k:ed@setbuild, mode:FULL, size:130, fail:COMP
2026-06-02 23:51:12, MOVE, v:1, k:ed@setbuild, mode:EDIT
2026-06-02 23:56:57, MOVE, v:1, k:ed@setbuild, mode:EDIT
