2026-03-31 13:15:39, MOVE, v:1, k:ed@princesa, mode:PICK
2026-03-31 13:16:09, MOVE, v:1, k:ed@princesa, mode:BACK
2026-03-31 13:16:16, MOVE, v:1, k:ed@princesa, mode:PICK
2026-03-31 13:16:21, MOVE, v:1, k:ed@princesa, mode:BACK
2026-03-31 13:16:26, MOVE, v:1, k:ed@rotacoes, mode:PICK
2026-03-31 13:33:27, MOVE, v:1, k:ed@rotacoes, mode:BACK
2026-03-31 14:22:32, MOVE, v:1, k:ed@resto, mode:DOWN
2026-03-31 14:22:33, MOVE, v:1, k:ed@resto, mode:PICK
2026-03-31 14:22:43, MOVE, v:1, k:ed@resto, mode:BACK
2026-03-31 21:18:21, MOVE, v:1, k:ed@resto, mode:PICK
2026-03-31 21:18:23, MOVE, v:1, k:ed@resto, mode:BACK
2026-03-31 21:18:30, MOVE, v:1, k:ed@rotacoes, mode:PICK
2026-03-31 21:18:42, EXEC, v:1, k:ed@rotacoes, mode:FULL, rate:80
2026-03-31 21:20:26, EXEC, v:1, k:ed@rotacoes, mode:FULL, rate:0, size:42
2026-03-31 21:23:00, EXEC, v:1, k:ed@rotacoes, mode:FULL, rate:0
2026-03-31 21:23:36, EXEC, v:1, k:ed@rotacoes, mode:FULL, rate:80, size:42
2026-03-31 21:24:56, EXEC, v:1, k:ed@rotacoes, mode:FULL, rate:100, size:42
2026-03-31 21:25:08, MOVE, v:1, k:ed@rotacoes, mode:BACK
2026-03-31 21:25:54, SELF, v:1, k:ed@rotacoes, self:1, rate:100, study:75, friend:cecilia, concept:1
2026-03-31 21:26:10, MOVE, v:1, k:ed@buscas, mode:DOWN
2026-03-31 21:27:49, MOVE, v:1, k:ed@buscas, mode:PICK
